# JRE version: Java(TM) SE Runtime Environment (8.0_101-b13) (build 1.8.0_101-b13)
# Java VM: Java HotSpot(TM) 64-Bit Server VM (25.101-b13 mixed mode windows-amd64 compressed oops)
Heap:
 PSYoungGen      total 189952K, used 127060K [0x00000000eab00000, 0x00000000fa500000, 0x0000000100000000)
  eden space 168960K, 70% used [0x00000000eab00000,0x00000000f1ea0e88,0x00000000f5000000)
  from space 20992K, 41% used [0x00000000f5000000,0x00000000f58744c0,0x00000000f6480000)
  to   space 20480K, 0% used [0x00000000f9100000,0x00000000f9100000,0x00000000fa500000)
 ParOldGen       total 93696K, used 39638K [0x00000000c0000000, 0x00000000c5b80000, 0x00000000eab00000)
  object space 93696K, 42% used [0x00000000c0000000,0x00000000c26b5918,0x00000000c5b80000)
 Metaspace       used 54203K, capacity 55666K, committed 55936K, reserved 1097728K
  class space    used 7349K, capacity 7726K, committed 7808K, reserved 1048576K
GC Heap History (10 events):
Event: 5.694 GC heap before
{Heap before GC invocations=10 (full 2):
 PSYoungGen      total 145920K, used 8996K [0x00000000eab00000, 0x00000000f5a00000, 0x0000000100000000)
  eden space 132608K, 0% used [0x00000000eab00000,0x00000000eab00000,0x00000000f2c80000)
  from space 13312K, 67% used [0x00000000f3900000,0x00000000f41c9380,0x00000000f4600000)
  to   space 12800K, 0% used [0x00000000f2c80000,0x00000000f2c80000,0x00000000f3900000)
 ParOldGen       total 62976K, used 12120K [0x00000000c0000000, 0x00000000c3d80000, 0x00000000eab00000)
  object space 62976K, 19% used [0x00000000c0000000,0x00000000c0bd6160,0x00000000c3d80000)
 Metaspace       used 34627K, capacity 35330K, committed 35456K, reserved 1079296K
  class space    used 4735K, capacity 4953K, committed 4992K, reserved 1048576K
Event: 5.824 GC heap after
Heap after GC invocations=10 (full 2):
 PSYoungGen      total 145920K, used 0K [0x00000000eab00000, 0x00000000f5a00000, 0x0000000100000000)
  eden space 132608K, 0% used [0x00000000eab00000,0x00000000eab00000,0x00000000f2c80000)
  from space 13312K, 0% used [0x00000000f3900000,0x00000000f3900000,0x00000000f4600000)
  to   space 12800K, 0% used [0x00000000f2c80000,0x00000000f2c80000,0x00000000f3900000)
 ParOldGen       total 93696K, used 15603K [0x00000000c0000000, 0x00000000c5b80000, 0x00000000eab00000)
  object space 93696K, 16% used [0x00000000c0000000,0x00000000c0f3ced8,0x00000000c5b80000)
 Metaspace       used 34607K, capacity 35308K, committed 35456K, reserved 1079296K
  class space    used 4729K, capacity 4947K, committed 4992K, reserved 1048576K
}
Event: 7.431 GC heap before
{Heap before GC invocations=11 (full 2):
 PSYoungGen      total 145920K, used 132608K [0x00000000eab00000, 0x00000000f5a00000, 0x0000000100000000)
  eden space 132608K, 100% used [0x00000000eab00000,0x00000000f2c80000,0x00000000f2c80000)
  from space 13312K, 0% used [0x00000000f3900000,0x00000000f3900000,0x00000000f4600000)
  to   space 12800K, 0% used [0x00000000f2c80000,0x00000000f2c80000,0x00000000f3900000)
 ParOldGen       total 93696K, used 15603K [0x00000000c0000000, 0x00000000c5b80000, 0x00000000eab00000)
  object space 93696K, 16% used [0x00000000c0000000,0x00000000c0f3ced8,0x00000000c5b80000)
 Metaspace       used 45036K, capacity 45894K, committed 46208K, reserved 1089536K
  class space    used 6193K, capacity 6419K, committed 6528K, reserved 1048576K
Event: 7.450 GC heap after
Heap after GC invocations=11 (full 2):
 PSYoungGen      total 145408K, used 12790K [0x00000000eab00000, 0x00000000f7400000, 0x0000000100000000)
  eden space 132608K, 0% used [0x00000000eab00000,0x00000000eab00000,0x00000000f2c80000)
  from space 12800K, 99% used [0x00000000f2c80000,0x00000000f38fd830,0x00000000f3900000)
  to   space 15872K, 0% used [0x00000000f6480000,0x00000000f6480000,0x00000000f7400000)
 ParOldGen       total 93696K, used 19296K [0x00000000c0000000, 0x00000000c5b80000, 0x00000000eab00000)
  object space 93696K, 20% used [0x00000000c0000000,0x00000000c12d81f8,0x00000000c5b80000)
 Metaspace       used 45036K, capacity 45894K, committed 46208K, reserved 1089536K
  class space    used 6193K, capacity 6419K, committed 6528K, reserved 1048576K
}
Event: 8.763 GC heap before
{Heap before GC invocations=12 (full 2):
 PSYoungGen      total 145408K, used 141866K [0x00000000eab00000, 0x00000000f7400000, 0x0000000100000000)
  eden space 132608K, 97% used [0x00000000eab00000,0x00000000f290d3a8,0x00000000f2c80000)
  from space 12800K, 99% used [0x00000000f2c80000,0x00000000f38fd830,0x00000000f3900000)
  to   space 15872K, 0% used [0x00000000f6480000,0x00000000f6480000,0x00000000f7400000)
 ParOldGen       total 93696K, used 19296K [0x00000000c0000000, 0x00000000c5b80000, 0x00000000eab00000)
  object space 93696K, 20% used [0x00000000c0000000,0x00000000c12d81f8,0x00000000c5b80000)
 Metaspace       used 49468K, capacity 50790K, committed 51072K, reserved 1093632K
  class space    used 6887K, capacity 7205K, committed 7296K, reserved 1048576K
Event: 8.810 GC heap after
Heap after GC invocations=12 (full 2):
 PSYoungGen      total 184832K, used 15864K [0x00000000eab00000, 0x00000000f7e00000, 0x0000000100000000)
  eden space 168960K, 0% used [0x00000000eab00000,0x00000000eab00000,0x00000000f5000000)
  from space 15872K, 99% used [0x00000000f6480000,0x00000000f73fe2b8,0x00000000f7400000)
  to   space 20992K, 0% used [0x00000000f5000000,0x00000000f5000000,0x00000000f6480000)
 ParOldGen       total 93696K, used 28776K [0x00000000c0000000, 0x00000000c5b80000, 0x00000000eab00000)
  object space 93696K, 30% used [0x00000000c0000000,0x00000000c1c1a008,0x00000000c5b80000)
 Metaspace       used 49468K, capacity 50790K, committed 51072K, reserved 1093632K
  class space    used 6887K, capacity 7205K, committed 7296K, reserved 1048576K
}
Event: 8.810 GC heap before
{Heap before GC invocations=13 (full 3):
 PSYoungGen      total 184832K, used 15864K [0x00000000eab00000, 0x00000000f7e00000, 0x0000000100000000)
  eden space 168960K, 0% used [0x00000000eab00000,0x00000000eab00000,0x00000000f5000000)
  from space 15872K, 99% used [0x00000000f6480000,0x00000000f73fe2b8,0x00000000f7400000)
  to   space 20992K, 0% used [0x00000000f5000000,0x00000000f5000000,0x00000000f6480000)
 ParOldGen       total 93696K, used 28776K [0x00000000c0000000, 0x00000000c5b80000, 0x00000000eab00000)
  object space 93696K, 30% used [0x00000000c0000000,0x00000000c1c1a008,0x00000000c5b80000)
 Metaspace       used 49468K, capacity 50790K, committed 51072K, reserved 1093632K
  class space    used 6887K, capacity 7205K, committed 7296K, reserved 1048576K
Event: 9.107 GC heap after
Heap after GC invocations=13 (full 3):
 PSYoungGen      total 184832K, used 0K [0x00000000eab00000, 0x00000000f7e00000, 0x0000000100000000)
  eden space 168960K, 0% used [0x00000000eab00000,0x00000000eab00000,0x00000000f5000000)
  from space 15872K, 0% used [0x00000000f6480000,0x00000000f6480000,0x00000000f7400000)
  to   space 20992K, 0% used [0x00000000f5000000,0x00000000f5000000,0x00000000f6480000)
 ParOldGen       total 93696K, used 39630K [0x00000000c0000000, 0x00000000c5b80000, 0x00000000eab00000)
  object space 93696K, 42% used [0x00000000c0000000,0x00000000c26b3918,0x00000000c5b80000)
 Metaspace       used 49468K, capacity 50790K, committed 51072K, reserved 1093632K
  class space    used 6887K, capacity 7205K, committed 7296K, reserved 1048576K
}
Event: 28.366 GC heap before
{Heap before GC invocations=14 (full 3):
 PSYoungGen      total 184832K, used 168960K [0x00000000eab00000, 0x00000000f7e00000, 0x0000000100000000)
  eden space 168960K, 100% used [0x00000000eab00000,0x00000000f5000000,0x00000000f5000000)
  from space 15872K, 0% used [0x00000000f6480000,0x00000000f6480000,0x00000000f7400000)
  to   space 20992K, 0% used [0x00000000f5000000,0x00000000f5000000,0x00000000f6480000)
 ParOldGen       total 93696K, used 39630K [0x00000000c0000000, 0x00000000c5b80000, 0x00000000eab00000)
  object space 93696K, 42% used [0x00000000c0000000,0x00000000c26b3918,0x00000000c5b80000)
 Metaspace       used 53206K, capacity 54610K, committed 54784K, reserved 1095680K
  class space    used 7256K, capacity 7630K, committed 7680K, reserved 1048576K
Event: 28.385 GC heap after
Heap after GC invocations=14 (full 3):
 PSYoungGen      total 189952K, used 8657K [0x00000000eab00000, 0x00000000fa500000, 0x0000000100000000)
  eden space 168960K, 0% used [0x00000000eab00000,0x00000000eab00000,0x00000000f5000000)
  from space 20992K, 41% used [0x00000000f5000000,0x00000000f58744c0,0x00000000f6480000)
  to   space 20480K, 0% used [0x00000000f9100000,0x00000000f9100000,0x00000000fa500000)
 ParOldGen       total 93696K, used 39638K [0x00000000c0000000, 0x00000000c5b80000, 0x00000000eab00000)
  object space 93696K, 42% used [0x00000000c0000000,0x00000000c26b5918,0x00000000c5b80000)
 Metaspace       used 53206K, capacity 54610K, committed 54784K, reserved 1095680K
  class space    used 7256K, capacity 7630K, committed 7680K, reserved 1048576K
}

